[2012.03.27 09:58:30] (Coverage): Error during class instrumentation: com.mysql.jdbc.ServerPreparedStatement
java.lang.ArrayIndexOutOfBoundsException: 10
	at org.objectweb.asm.MethodWriter.findSubroutineSuccessors(MethodWriter.java:1558)
	at org.objectweb.asm.MethodWriter.findSubroutineSuccessors(MethodWriter.java:1559)
	at org.objectweb.asm.MethodWriter.findSubroutineSuccessors(MethodWriter.java:1559)
	at org.objectweb.asm.MethodWriter.findSubroutineSuccessors(MethodWriter.java:1559)
	at org.objectweb.asm.MethodWriter.findSubroutineSuccessors(MethodWriter.java:1559)
	at org.objectweb.asm.MethodWriter.findSubroutineSuccessors(MethodWriter.java:1559)
	at org.objectweb.asm.MethodWriter.findSubroutineSuccessors(MethodWriter.java:1559)
	at org.objectweb.asm.MethodWriter.findSubroutineSuccessors(MethodWriter.java:1559)
	at org.objectweb.asm.MethodWriter.findSubroutineSuccessors(MethodWriter.java:1559)
	at org.objectweb.asm.MethodWriter.findSubroutineSuccessors(MethodWriter.java:1559)
	at org.objectweb.asm.MethodWriter.findSubroutineSuccessors(MethodWriter.java:1559)
	at org.objectweb.asm.MethodWriter.visitMaxs(MethodWriter.java:1369)
	at org.objectweb.asm.MethodAdapter.visitMaxs(MethodAdapter.java:189)
	at com.intellij.rt.coverage.instrumentation.SamplingInstrumenter$1.visitMaxs(SamplingInstrumenter.java:78)
	at org.objectweb.asm.ClassReader.accept(ClassReader.java:1447)
	at org.objectweb.asm.ClassReader.accept(ClassReader.java:420)
	at com.intellij.rt.coverage.instrumentation.Instrumentator.instrument(Instrumentator.java:148)
	at com.intellij.rt.coverage.instrumentation.Instrumentator.access$000(Instrumentator.java:26)
	at com.intellij.rt.coverage.instrumentation.Instrumentator$1.transform(Instrumentator.java:109)
	at sun.instrument.TransformerManager.transform(TransformerManager.java:169)
	at sun.instrument.InstrumentationImpl.transform(InstrumentationImpl.java:365)
	at java.lang.ClassLoader.defineClass1(Native Method)
	at java.lang.ClassLoader.defineClassCond(ClassLoader.java:631)
	at java.lang.ClassLoader.defineClass(ClassLoader.java:615)
	at java.security.SecureClassLoader.defineClass(SecureClassLoader.java:141)
	at java.net.URLClassLoader.defineClass(URLClassLoader.java:283)
	at java.net.URLClassLoader.access$000(URLClassLoader.java:58)
	at java.net.URLClassLoader$1.run(URLClassLoader.java:197)
	at java.security.AccessController.doPrivileged(Native Method)
	at java.net.URLClassLoader.findClass(URLClassLoader.java:190)
	at java.lang.ClassLoader.loadClass(ClassLoader.java:306)
	at sun.misc.Launcher$AppClassLoader.loadClass(Launcher.java:301)
	at java.lang.ClassLoader.loadClass(ClassLoader.java:247)
	at com.mysql.jdbc.NonRegisteringDriver.connect(NonRegisteringDriver.java:305)
	at com.mysql.jdbc.jdbc2.optional.MysqlDataSource.getConnection(MysqlDataSource.java:440)
	at com.mysql.jdbc.jdbc2.optional.MysqlDataSource.getConnection(MysqlDataSource.java:138)
	at com.mysql.jdbc.jdbc2.optional.MysqlDataSource.getConnection(MysqlDataSource.java:108)
	at com.clouway.jspandservlet.onlinebank.persistance.DatabaseHelper.executeQuery(DatabaseHelper.java:42)
	at com.clouway.jspandservlet.onlinebank.persistance.DatabaseBankRepositoryTest.createTestableData(DatabaseBankRepositoryTest.java:34)
	at sun.reflect.NativeMethodAccessorImpl.invoke0(Native Method)
	at sun.reflect.NativeMethodAccessorImpl.invoke(NativeMethodAccessorImpl.java:39)
	at sun.reflect.DelegatingMethodAccessorImpl.invoke(DelegatingMethodAccessorImpl.java:25)
	at java.lang.reflect.Method.invoke(Method.java:597)
	at org.junit.runners.model.FrameworkMethod$1.runReflectiveCall(FrameworkMethod.java:44)
	at org.junit.internal.runners.model.ReflectiveCallable.run(ReflectiveCallable.java:15)
	at org.junit.runners.model.FrameworkMethod.invokeExplosively(FrameworkMethod.java:41)
	at org.junit.internal.runners.statements.RunBefores.evaluate(RunBefores.java:27)
	at org.junit.internal.runners.statements.RunAfters.evaluate(RunAfters.java:31)
	at org.junit.runners.BlockJUnit4ClassRunner.runNotIgnored(BlockJUnit4ClassRunner.java:79)
	at org.junit.runners.BlockJUnit4ClassRunner.runChild(BlockJUnit4ClassRunner.java:71)
	at org.junit.runners.BlockJUnit4ClassRunner.runChild(BlockJUnit4ClassRunner.java:49)
	at org.junit.runners.ParentRunner$3.run(ParentRunner.java:193)
	at org.junit.runners.ParentRunner$1.schedule(ParentRunner.java:52)
	at org.junit.runners.ParentRunner.runChildren(ParentRunner.java:191)
	at org.junit.runners.ParentRunner.access$000(ParentRunner.java:42)
	at org.junit.runners.ParentRunner$2.evaluate(ParentRunner.java:184)
	at org.junit.runners.ParentRunner.run(ParentRunner.java:236)
	at org.junit.runners.Suite.runChild(Suite.java:128)
	at org.junit.runners.Suite.runChild(Suite.java:24)
	at org.junit.runners.ParentRunner$3.run(ParentRunner.java:193)
	at org.junit.runners.ParentRunner$1.schedule(ParentRunner.java:52)
	at org.junit.runners.ParentRunner.runChildren(ParentRunner.java:191)
	at org.junit.runners.ParentRunner.access$000(ParentRunner.java:42)
	at org.junit.runners.ParentRunner$2.evaluate(ParentRunner.java:184)
	at org.junit.runners.ParentRunner.run(ParentRunner.java:236)
	at org.junit.runner.JUnitCore.run(JUnitCore.java:157)
	at com.intellij.junit4.JUnit4IdeaTestRunner.startRunnerWithArgs(JUnit4IdeaTestRunner.java:71)
	at com.intellij.rt.execution.junit.JUnitStarter.prepareStreamsAndStart(JUnitStarter.java:202)
	at com.intellij.rt.execution.junit.JUnitStarter.main(JUnitStarter.java:63)
	at sun.reflect.NativeMethodAccessorImpl.invoke0(Native Method)
	at sun.reflect.NativeMethodAccessorImpl.invoke(NativeMethodAccessorImpl.java:39)
	at sun.reflect.DelegatingMethodAccessorImpl.invoke(DelegatingMethodAccessorImpl.java:25)
	at java.lang.reflect.Method.invoke(Method.java:597)
	at com.intellij.rt.execution.application.AppMain.main(AppMain.java:120)
[2012.03.27 10:08:36] (Coverage): Error during class instrumentation: com.mysql.jdbc.ServerPreparedStatement
java.lang.ArrayIndexOutOfBoundsException: 10
	at org.objectweb.asm.MethodWriter.findSubroutineSuccessors(MethodWriter.java:1558)
	at org.objectweb.asm.MethodWriter.findSubroutineSuccessors(MethodWriter.java:1559)
	at org.objectweb.asm.MethodWriter.findSubroutineSuccessors(MethodWriter.java:1559)
	at org.objectweb.asm.MethodWriter.findSubroutineSuccessors(MethodWriter.java:1559)
	at org.objectweb.asm.MethodWriter.findSubroutineSuccessors(MethodWriter.java:1559)
	at org.objectweb.asm.MethodWriter.findSubroutineSuccessors(MethodWriter.java:1559)
	at org.objectweb.asm.MethodWriter.findSubroutineSuccessors(MethodWriter.java:1559)
	at org.objectweb.asm.MethodWriter.findSubroutineSuccessors(MethodWriter.java:1559)
	at org.objectweb.asm.MethodWriter.findSubroutineSuccessors(MethodWriter.java:1559)
	at org.objectweb.asm.MethodWriter.findSubroutineSuccessors(MethodWriter.java:1559)
	at org.objectweb.asm.MethodWriter.findSubroutineSuccessors(MethodWriter.java:1559)
	at org.objectweb.asm.MethodWriter.visitMaxs(MethodWriter.java:1369)
	at org.objectweb.asm.MethodAdapter.visitMaxs(MethodAdapter.java:189)
	at com.intellij.rt.coverage.instrumentation.SamplingInstrumenter$1.visitMaxs(SamplingInstrumenter.java:78)
	at org.objectweb.asm.ClassReader.accept(ClassReader.java:1447)
	at org.objectweb.asm.ClassReader.accept(ClassReader.java:420)
	at com.intellij.rt.coverage.instrumentation.Instrumentator.instrument(Instrumentator.java:148)
	at com.intellij.rt.coverage.instrumentation.Instrumentator.access$000(Instrumentator.java:26)
	at com.intellij.rt.coverage.instrumentation.Instrumentator$1.transform(Instrumentator.java:109)
	at sun.instrument.TransformerManager.transform(TransformerManager.java:169)
	at sun.instrument.InstrumentationImpl.transform(InstrumentationImpl.java:365)
	at java.lang.ClassLoader.defineClass1(Native Method)
	at java.lang.ClassLoader.defineClassCond(ClassLoader.java:631)
	at java.lang.ClassLoader.defineClass(ClassLoader.java:615)
	at java.security.SecureClassLoader.defineClass(SecureClassLoader.java:141)
	at java.net.URLClassLoader.defineClass(URLClassLoader.java:283)
	at java.net.URLClassLoader.access$000(URLClassLoader.java:58)
	at java.net.URLClassLoader$1.run(URLClassLoader.java:197)
	at java.security.AccessController.doPrivileged(Native Method)
	at java.net.URLClassLoader.findClass(URLClassLoader.java:190)
	at java.lang.ClassLoader.loadClass(ClassLoader.java:306)
	at sun.misc.Launcher$AppClassLoader.loadClass(Launcher.java:301)
	at java.lang.ClassLoader.loadClass(ClassLoader.java:247)
	at com.mysql.jdbc.NonRegisteringDriver.connect(NonRegisteringDriver.java:305)
	at com.mysql.jdbc.jdbc2.optional.MysqlDataSource.getConnection(MysqlDataSource.java:440)
	at com.mysql.jdbc.jdbc2.optional.MysqlDataSource.getConnection(MysqlDataSource.java:138)
	at com.mysql.jdbc.jdbc2.optional.MysqlDataSource.getConnection(MysqlDataSource.java:108)
	at com.clouway.jspandservlet.onlinebank.persistance.DatabaseHelper.executeQuery(DatabaseHelper.java:42)
	at com.clouway.jspandservlet.onlinebank.persistance.DatabaseBankRepositoryTest.createTestableData(DatabaseBankRepositoryTest.java:34)
	at sun.reflect.NativeMethodAccessorImpl.invoke0(Native Method)
	at sun.reflect.NativeMethodAccessorImpl.invoke(NativeMethodAccessorImpl.java:39)
	at sun.reflect.DelegatingMethodAccessorImpl.invoke(DelegatingMethodAccessorImpl.java:25)
	at java.lang.reflect.Method.invoke(Method.java:597)
	at org.junit.runners.model.FrameworkMethod$1.runReflectiveCall(FrameworkMethod.java:44)
	at org.junit.internal.runners.model.ReflectiveCallable.run(ReflectiveCallable.java:15)
	at org.junit.runners.model.FrameworkMethod.invokeExplosively(FrameworkMethod.java:41)
	at org.junit.internal.runners.statements.RunBefores.evaluate(RunBefores.java:27)
	at org.junit.internal.runners.statements.RunAfters.evaluate(RunAfters.java:31)
	at org.junit.runners.BlockJUnit4ClassRunner.runNotIgnored(BlockJUnit4ClassRunner.java:79)
	at org.junit.runners.BlockJUnit4ClassRunner.runChild(BlockJUnit4ClassRunner.java:71)
	at org.junit.runners.BlockJUnit4ClassRunner.runChild(BlockJUnit4ClassRunner.java:49)
	at org.junit.runners.ParentRunner$3.run(ParentRunner.java:193)
	at org.junit.runners.ParentRunner$1.schedule(ParentRunner.java:52)
	at org.junit.runners.ParentRunner.runChildren(ParentRunner.java:191)
	at org.junit.runners.ParentRunner.access$000(ParentRunner.java:42)
	at org.junit.runners.ParentRunner$2.evaluate(ParentRunner.java:184)
	at org.junit.runners.ParentRunner.run(ParentRunner.java:236)
	at org.junit.runners.Suite.runChild(Suite.java:128)
	at org.junit.runners.Suite.runChild(Suite.java:24)
	at org.junit.runners.ParentRunner$3.run(ParentRunner.java:193)
	at org.junit.runners.ParentRunner$1.schedule(ParentRunner.java:52)
	at org.junit.runners.ParentRunner.runChildren(ParentRunner.java:191)
	at org.junit.runners.ParentRunner.access$000(ParentRunner.java:42)
	at org.junit.runners.ParentRunner$2.evaluate(ParentRunner.java:184)
	at org.junit.runners.ParentRunner.run(ParentRunner.java:236)
	at org.junit.runner.JUnitCore.run(JUnitCore.java:157)
	at com.intellij.junit4.JUnit4IdeaTestRunner.startRunnerWithArgs(JUnit4IdeaTestRunner.java:71)
	at com.intellij.rt.execution.junit.JUnitStarter.prepareStreamsAndStart(JUnitStarter.java:202)
	at com.intellij.rt.execution.junit.JUnitStarter.main(JUnitStarter.java:63)
	at sun.reflect.NativeMethodAccessorImpl.invoke0(Native Method)
	at sun.reflect.NativeMethodAccessorImpl.invoke(NativeMethodAccessorImpl.java:39)
	at sun.reflect.DelegatingMethodAccessorImpl.invoke(DelegatingMethodAccessorImpl.java:25)
	at java.lang.reflect.Method.invoke(Method.java:597)
	at com.intellij.rt.execution.application.AppMain.main(AppMain.java:120)
[2012.03.27 10:13:20] (Coverage): Error during class instrumentation: com.mysql.jdbc.ServerPreparedStatement
java.lang.ArrayIndexOutOfBoundsException: 10
	at org.objectweb.asm.MethodWriter.findSubroutineSuccessors(MethodWriter.java:1558)
	at org.objectweb.asm.MethodWriter.findSubroutineSuccessors(MethodWriter.java:1559)
	at org.objectweb.asm.MethodWriter.findSubroutineSuccessors(MethodWriter.java:1559)
	at org.objectweb.asm.MethodWriter.findSubroutineSuccessors(MethodWriter.java:1559)
	at org.objectweb.asm.MethodWriter.findSubroutineSuccessors(MethodWriter.java:1559)
	at org.objectweb.asm.MethodWriter.findSubroutineSuccessors(MethodWriter.java:1559)
	at org.objectweb.asm.MethodWriter.findSubroutineSuccessors(MethodWriter.java:1559)
	at org.objectweb.asm.MethodWriter.findSubroutineSuccessors(MethodWriter.java:1559)
	at org.objectweb.asm.MethodWriter.findSubroutineSuccessors(MethodWriter.java:1559)
	at org.objectweb.asm.MethodWriter.findSubroutineSuccessors(MethodWriter.java:1559)
	at org.objectweb.asm.MethodWriter.findSubroutineSuccessors(MethodWriter.java:1559)
	at org.objectweb.asm.MethodWriter.visitMaxs(MethodWriter.java:1369)
	at org.objectweb.asm.MethodAdapter.visitMaxs(MethodAdapter.java:189)
	at com.intellij.rt.coverage.instrumentation.SamplingInstrumenter$1.visitMaxs(SamplingInstrumenter.java:78)
	at org.objectweb.asm.ClassReader.accept(ClassReader.java:1447)
	at org.objectweb.asm.ClassReader.accept(ClassReader.java:420)
	at com.intellij.rt.coverage.instrumentation.Instrumentator.instrument(Instrumentator.java:148)
	at com.intellij.rt.coverage.instrumentation.Instrumentator.access$000(Instrumentator.java:26)
	at com.intellij.rt.coverage.instrumentation.Instrumentator$1.transform(Instrumentator.java:109)
	at sun.instrument.TransformerManager.transform(TransformerManager.java:169)
	at sun.instrument.InstrumentationImpl.transform(InstrumentationImpl.java:365)
	at java.lang.ClassLoader.defineClass1(Native Method)
	at java.lang.ClassLoader.defineClassCond(ClassLoader.java:631)
	at java.lang.ClassLoader.defineClass(ClassLoader.java:615)
	at java.security.SecureClassLoader.defineClass(SecureClassLoader.java:141)
	at java.net.URLClassLoader.defineClass(URLClassLoader.java:283)
	at java.net.URLClassLoader.access$000(URLClassLoader.java:58)
	at java.net.URLClassLoader$1.run(URLClassLoader.java:197)
	at java.security.AccessController.doPrivileged(Native Method)
	at java.net.URLClassLoader.findClass(URLClassLoader.java:190)
	at java.lang.ClassLoader.loadClass(ClassLoader.java:306)
	at sun.misc.Launcher$AppClassLoader.loadClass(Launcher.java:301)
	at java.lang.ClassLoader.loadClass(ClassLoader.java:247)
	at com.mysql.jdbc.NonRegisteringDriver.connect(NonRegisteringDriver.java:305)
	at com.mysql.jdbc.jdbc2.optional.MysqlDataSource.getConnection(MysqlDataSource.java:440)
	at com.mysql.jdbc.jdbc2.optional.MysqlDataSource.getConnection(MysqlDataSource.java:138)
	at com.mysql.jdbc.jdbc2.optional.MysqlDataSource.getConnection(MysqlDataSource.java:108)
	at com.clouway.jspandservlet.onlinebank.persistance.DatabaseHelper.executeQuery(DatabaseHelper.java:42)
	at com.clouway.jspandservlet.onlinebank.persistance.DatabaseBankRepositoryTest.createTestableData(DatabaseBankRepositoryTest.java:34)
	at sun.reflect.NativeMethodAccessorImpl.invoke0(Native Method)
	at sun.reflect.NativeMethodAccessorImpl.invoke(NativeMethodAccessorImpl.java:39)
	at sun.reflect.DelegatingMethodAccessorImpl.invoke(DelegatingMethodAccessorImpl.java:25)
	at java.lang.reflect.Method.invoke(Method.java:597)
	at org.junit.runners.model.FrameworkMethod$1.runReflectiveCall(FrameworkMethod.java:44)
	at org.junit.internal.runners.model.ReflectiveCallable.run(ReflectiveCallable.java:15)
	at org.junit.runners.model.FrameworkMethod.invokeExplosively(FrameworkMethod.java:41)
	at org.junit.internal.runners.statements.RunBefores.evaluate(RunBefores.java:27)
	at org.junit.internal.runners.statements.RunAfters.evaluate(RunAfters.java:31)
	at org.junit.runners.BlockJUnit4ClassRunner.runNotIgnored(BlockJUnit4ClassRunner.java:79)
	at org.junit.runners.BlockJUnit4ClassRunner.runChild(BlockJUnit4ClassRunner.java:71)
	at org.junit.runners.BlockJUnit4ClassRunner.runChild(BlockJUnit4ClassRunner.java:49)
	at org.junit.runners.ParentRunner$3.run(ParentRunner.java:193)
	at org.junit.runners.ParentRunner$1.schedule(ParentRunner.java:52)
	at org.junit.runners.ParentRunner.runChildren(ParentRunner.java:191)
	at org.junit.runners.ParentRunner.access$000(ParentRunner.java:42)
	at org.junit.runners.ParentRunner$2.evaluate(ParentRunner.java:184)
	at org.junit.runners.ParentRunner.run(ParentRunner.java:236)
	at org.junit.runners.Suite.runChild(Suite.java:128)
	at org.junit.runners.Suite.runChild(Suite.java:24)
	at org.junit.runners.ParentRunner$3.run(ParentRunner.java:193)
	at org.junit.runners.ParentRunner$1.schedule(ParentRunner.java:52)
	at org.junit.runners.ParentRunner.runChildren(ParentRunner.java:191)
	at org.junit.runners.ParentRunner.access$000(ParentRunner.java:42)
	at org.junit.runners.ParentRunner$2.evaluate(ParentRunner.java:184)
	at org.junit.runners.ParentRunner.run(ParentRunner.java:236)
	at org.junit.runner.JUnitCore.run(JUnitCore.java:157)
	at com.intellij.junit4.JUnit4IdeaTestRunner.startRunnerWithArgs(JUnit4IdeaTestRunner.java:71)
	at com.intellij.rt.execution.junit.JUnitStarter.prepareStreamsAndStart(JUnitStarter.java:202)
	at com.intellij.rt.execution.junit.JUnitStarter.main(JUnitStarter.java:63)
	at sun.reflect.NativeMethodAccessorImpl.invoke0(Native Method)
	at sun.reflect.NativeMethodAccessorImpl.invoke(NativeMethodAccessorImpl.java:39)
	at sun.reflect.DelegatingMethodAccessorImpl.invoke(DelegatingMethodAccessorImpl.java:25)
	at java.lang.reflect.Method.invoke(Method.java:597)
	at com.intellij.rt.execution.application.AppMain.main(AppMain.java:120)
[2012.03.27 10:18:21] (Coverage): Error during class instrumentation: com.mysql.jdbc.ServerPreparedStatement
java.lang.ArrayIndexOutOfBoundsException: 10
	at org.objectweb.asm.MethodWriter.findSubroutineSuccessors(MethodWriter.java:1558)
	at org.objectweb.asm.MethodWriter.findSubroutineSuccessors(MethodWriter.java:1559)
	at org.objectweb.asm.MethodWriter.findSubroutineSuccessors(MethodWriter.java:1559)
	at org.objectweb.asm.MethodWriter.findSubroutineSuccessors(MethodWriter.java:1559)
	at org.objectweb.asm.MethodWriter.findSubroutineSuccessors(MethodWriter.java:1559)
	at org.objectweb.asm.MethodWriter.findSubroutineSuccessors(MethodWriter.java:1559)
	at org.objectweb.asm.MethodWriter.findSubroutineSuccessors(MethodWriter.java:1559)
	at org.objectweb.asm.MethodWriter.findSubroutineSuccessors(MethodWriter.java:1559)
	at org.objectweb.asm.MethodWriter.findSubroutineSuccessors(MethodWriter.java:1559)
	at org.objectweb.asm.MethodWriter.findSubroutineSuccessors(MethodWriter.java:1559)
	at org.objectweb.asm.MethodWriter.findSubroutineSuccessors(MethodWriter.java:1559)
	at org.objectweb.asm.MethodWriter.visitMaxs(MethodWriter.java:1369)
	at org.objectweb.asm.MethodAdapter.visitMaxs(MethodAdapter.java:189)
	at com.intellij.rt.coverage.instrumentation.SamplingInstrumenter$1.visitMaxs(SamplingInstrumenter.java:78)
	at org.objectweb.asm.ClassReader.accept(ClassReader.java:1447)
	at org.objectweb.asm.ClassReader.accept(ClassReader.java:420)
	at com.intellij.rt.coverage.instrumentation.Instrumentator.instrument(Instrumentator.java:148)
	at com.intellij.rt.coverage.instrumentation.Instrumentator.access$000(Instrumentator.java:26)
	at com.intellij.rt.coverage.instrumentation.Instrumentator$1.transform(Instrumentator.java:109)
	at sun.instrument.TransformerManager.transform(TransformerManager.java:169)
	at sun.instrument.InstrumentationImpl.transform(InstrumentationImpl.java:365)
	at java.lang.ClassLoader.defineClass1(Native Method)
	at java.lang.ClassLoader.defineClassCond(ClassLoader.java:631)
	at java.lang.ClassLoader.defineClass(ClassLoader.java:615)
	at java.security.SecureClassLoader.defineClass(SecureClassLoader.java:141)
	at java.net.URLClassLoader.defineClass(URLClassLoader.java:283)
	at java.net.URLClassLoader.access$000(URLClassLoader.java:58)
	at java.net.URLClassLoader$1.run(URLClassLoader.java:197)
	at java.security.AccessController.doPrivileged(Native Method)
	at java.net.URLClassLoader.findClass(URLClassLoader.java:190)
	at java.lang.ClassLoader.loadClass(ClassLoader.java:306)
	at sun.misc.Launcher$AppClassLoader.loadClass(Launcher.java:301)
	at java.lang.ClassLoader.loadClass(ClassLoader.java:247)
	at com.mysql.jdbc.NonRegisteringDriver.connect(NonRegisteringDriver.java:305)
	at com.mysql.jdbc.jdbc2.optional.MysqlDataSource.getConnection(MysqlDataSource.java:440)
	at com.mysql.jdbc.jdbc2.optional.MysqlDataSource.getConnection(MysqlDataSource.java:138)
	at com.mysql.jdbc.jdbc2.optional.MysqlDataSource.getConnection(MysqlDataSource.java:108)
	at com.clouway.jspandservlet.onlinebank.persistance.DatabaseHelper.executeQuery(DatabaseHelper.java:42)
	at com.clouway.jspandservlet.onlinebank.persistance.DatabaseBankRepositoryTest.createTestableData(DatabaseBankRepositoryTest.java:34)
	at sun.reflect.NativeMethodAccessorImpl.invoke0(Native Method)
	at sun.reflect.NativeMethodAccessorImpl.invoke(NativeMethodAccessorImpl.java:39)
	at sun.reflect.DelegatingMethodAccessorImpl.invoke(DelegatingMethodAccessorImpl.java:25)
	at java.lang.reflect.Method.invoke(Method.java:597)
	at org.junit.runners.model.FrameworkMethod$1.runReflectiveCall(FrameworkMethod.java:44)
	at org.junit.internal.runners.model.ReflectiveCallable.run(ReflectiveCallable.java:15)
	at org.junit.runners.model.FrameworkMethod.invokeExplosively(FrameworkMethod.java:41)
	at org.junit.internal.runners.statements.RunBefores.evaluate(RunBefores.java:27)
	at org.junit.internal.runners.statements.RunAfters.evaluate(RunAfters.java:31)
	at org.junit.runners.BlockJUnit4ClassRunner.runNotIgnored(BlockJUnit4ClassRunner.java:79)
	at org.junit.runners.BlockJUnit4ClassRunner.runChild(BlockJUnit4ClassRunner.java:71)
	at org.junit.runners.BlockJUnit4ClassRunner.runChild(BlockJUnit4ClassRunner.java:49)
	at org.junit.runners.ParentRunner$3.run(ParentRunner.java:193)
	at org.junit.runners.ParentRunner$1.schedule(ParentRunner.java:52)
	at org.junit.runners.ParentRunner.runChildren(ParentRunner.java:191)
	at org.junit.runners.ParentRunner.access$000(ParentRunner.java:42)
	at org.junit.runners.ParentRunner$2.evaluate(ParentRunner.java:184)
	at org.junit.runners.ParentRunner.run(ParentRunner.java:236)
	at org.junit.runners.Suite.runChild(Suite.java:128)
	at org.junit.runners.Suite.runChild(Suite.java:24)
	at org.junit.runners.ParentRunner$3.run(ParentRunner.java:193)
	at org.junit.runners.ParentRunner$1.schedule(ParentRunner.java:52)
	at org.junit.runners.ParentRunner.runChildren(ParentRunner.java:191)
	at org.junit.runners.ParentRunner.access$000(ParentRunner.java:42)
	at org.junit.runners.ParentRunner$2.evaluate(ParentRunner.java:184)
	at org.junit.runners.ParentRunner.run(ParentRunner.java:236)
	at org.junit.runner.JUnitCore.run(JUnitCore.java:157)
	at com.intellij.junit4.JUnit4IdeaTestRunner.startRunnerWithArgs(JUnit4IdeaTestRunner.java:71)
	at com.intellij.rt.execution.junit.JUnitStarter.prepareStreamsAndStart(JUnitStarter.java:202)
	at com.intellij.rt.execution.junit.JUnitStarter.main(JUnitStarter.java:63)
	at sun.reflect.NativeMethodAccessorImpl.invoke0(Native Method)
	at sun.reflect.NativeMethodAccessorImpl.invoke(NativeMethodAccessorImpl.java:39)
	at sun.reflect.DelegatingMethodAccessorImpl.invoke(DelegatingMethodAccessorImpl.java:25)
	at java.lang.reflect.Method.invoke(Method.java:597)
	at com.intellij.rt.execution.application.AppMain.main(AppMain.java:120)
[2012.03.27 10:19:56] (Coverage): Error during class instrumentation: com.mysql.jdbc.ServerPreparedStatement
java.lang.ArrayIndexOutOfBoundsException: 10
	at org.objectweb.asm.MethodWriter.findSubroutineSuccessors(MethodWriter.java:1558)
	at org.objectweb.asm.MethodWriter.findSubroutineSuccessors(MethodWriter.java:1559)
	at org.objectweb.asm.MethodWriter.findSubroutineSuccessors(MethodWriter.java:1559)
	at org.objectweb.asm.MethodWriter.findSubroutineSuccessors(MethodWriter.java:1559)
	at org.objectweb.asm.MethodWriter.findSubroutineSuccessors(MethodWriter.java:1559)
	at org.objectweb.asm.MethodWriter.findSubroutineSuccessors(MethodWriter.java:1559)
	at org.objectweb.asm.MethodWriter.findSubroutineSuccessors(MethodWriter.java:1559)
	at org.objectweb.asm.MethodWriter.findSubroutineSuccessors(MethodWriter.java:1559)
	at org.objectweb.asm.MethodWriter.findSubroutineSuccessors(MethodWriter.java:1559)
	at org.objectweb.asm.MethodWriter.findSubroutineSuccessors(MethodWriter.java:1559)
	at org.objectweb.asm.MethodWriter.findSubroutineSuccessors(MethodWriter.java:1559)
	at org.objectweb.asm.MethodWriter.visitMaxs(MethodWriter.java:1369)
	at org.objectweb.asm.MethodAdapter.visitMaxs(MethodAdapter.java:189)
	at com.intellij.rt.coverage.instrumentation.SamplingInstrumenter$1.visitMaxs(SamplingInstrumenter.java:78)
	at org.objectweb.asm.ClassReader.accept(ClassReader.java:1447)
	at org.objectweb.asm.ClassReader.accept(ClassReader.java:420)
	at com.intellij.rt.coverage.instrumentation.Instrumentator.instrument(Instrumentator.java:148)
	at com.intellij.rt.coverage.instrumentation.Instrumentator.access$000(Instrumentator.java:26)
	at com.intellij.rt.coverage.instrumentation.Instrumentator$1.transform(Instrumentator.java:109)
	at sun.instrument.TransformerManager.transform(TransformerManager.java:169)
	at sun.instrument.InstrumentationImpl.transform(InstrumentationImpl.java:365)
	at java.lang.ClassLoader.defineClass1(Native Method)
	at java.lang.ClassLoader.defineClassCond(ClassLoader.java:631)
	at java.lang.ClassLoader.defineClass(ClassLoader.java:615)
	at java.security.SecureClassLoader.defineClass(SecureClassLoader.java:141)
	at java.net.URLClassLoader.defineClass(URLClassLoader.java:283)
	at java.net.URLClassLoader.access$000(URLClassLoader.java:58)
	at java.net.URLClassLoader$1.run(URLClassLoader.java:197)
	at java.security.AccessController.doPrivileged(Native Method)
	at java.net.URLClassLoader.findClass(URLClassLoader.java:190)
	at java.lang.ClassLoader.loadClass(ClassLoader.java:306)
	at sun.misc.Launcher$AppClassLoader.loadClass(Launcher.java:301)
	at java.lang.ClassLoader.loadClass(ClassLoader.java:247)
	at com.mysql.jdbc.NonRegisteringDriver.connect(NonRegisteringDriver.java:305)
	at com.mysql.jdbc.jdbc2.optional.MysqlDataSource.getConnection(MysqlDataSource.java:440)
	at com.mysql.jdbc.jdbc2.optional.MysqlDataSource.getConnection(MysqlDataSource.java:138)
	at com.mysql.jdbc.jdbc2.optional.MysqlDataSource.getConnection(MysqlDataSource.java:108)
	at com.clouway.jspandservlet.onlinebank.persistance.DatabaseHelper.executeQuery(DatabaseHelper.java:42)
	at com.clouway.jspandservlet.onlinebank.persistance.DatabaseBankRepositoryTest.createTestableData(DatabaseBankRepositoryTest.java:34)
	at sun.reflect.NativeMethodAccessorImpl.invoke0(Native Method)
	at sun.reflect.NativeMethodAccessorImpl.invoke(NativeMethodAccessorImpl.java:39)
	at sun.reflect.DelegatingMethodAccessorImpl.invoke(DelegatingMethodAccessorImpl.java:25)
	at java.lang.reflect.Method.invoke(Method.java:597)
	at org.junit.runners.model.FrameworkMethod$1.runReflectiveCall(FrameworkMethod.java:44)
	at org.junit.internal.runners.model.ReflectiveCallable.run(ReflectiveCallable.java:15)
	at org.junit.runners.model.FrameworkMethod.invokeExplosively(FrameworkMethod.java:41)
	at org.junit.internal.runners.statements.RunBefores.evaluate(RunBefores.java:27)
	at org.junit.internal.runners.statements.RunAfters.evaluate(RunAfters.java:31)
	at org.junit.runners.BlockJUnit4ClassRunner.runNotIgnored(BlockJUnit4ClassRunner.java:79)
	at org.junit.runners.BlockJUnit4ClassRunner.runChild(BlockJUnit4ClassRunner.java:71)
	at org.junit.runners.BlockJUnit4ClassRunner.runChild(BlockJUnit4ClassRunner.java:49)
	at org.junit.runners.ParentRunner$3.run(ParentRunner.java:193)
	at org.junit.runners.ParentRunner$1.schedule(ParentRunner.java:52)
	at org.junit.runners.ParentRunner.runChildren(ParentRunner.java:191)
	at org.junit.runners.ParentRunner.access$000(ParentRunner.java:42)
	at org.junit.runners.ParentRunner$2.evaluate(ParentRunner.java:184)
	at org.junit.runners.ParentRunner.run(ParentRunner.java:236)
	at org.junit.runners.Suite.runChild(Suite.java:128)
	at org.junit.runners.Suite.runChild(Suite.java:24)
	at org.junit.runners.ParentRunner$3.run(ParentRunner.java:193)
	at org.junit.runners.ParentRunner$1.schedule(ParentRunner.java:52)
	at org.junit.runners.ParentRunner.runChildren(ParentRunner.java:191)
	at org.junit.runners.ParentRunner.access$000(ParentRunner.java:42)
	at org.junit.runners.ParentRunner$2.evaluate(ParentRunner.java:184)
	at org.junit.runners.ParentRunner.run(ParentRunner.java:236)
	at org.junit.runner.JUnitCore.run(JUnitCore.java:157)
	at com.intellij.junit4.JUnit4IdeaTestRunner.startRunnerWithArgs(JUnit4IdeaTestRunner.java:71)
	at com.intellij.rt.execution.junit.JUnitStarter.prepareStreamsAndStart(JUnitStarter.java:202)
	at com.intellij.rt.execution.junit.JUnitStarter.main(JUnitStarter.java:63)
	at sun.reflect.NativeMethodAccessorImpl.invoke0(Native Method)
	at sun.reflect.NativeMethodAccessorImpl.invoke(NativeMethodAccessorImpl.java:39)
	at sun.reflect.DelegatingMethodAccessorImpl.invoke(DelegatingMethodAccessorImpl.java:25)
	at java.lang.reflect.Method.invoke(Method.java:597)
	at com.intellij.rt.execution.application.AppMain.main(AppMain.java:120)
[2012.03.27 10:20:28] (Coverage): Error during class instrumentation: com.mysql.jdbc.ServerPreparedStatement
java.lang.ArrayIndexOutOfBoundsException: 10
	at org.objectweb.asm.MethodWriter.findSubroutineSuccessors(MethodWriter.java:1558)
	at org.objectweb.asm.MethodWriter.findSubroutineSuccessors(MethodWriter.java:1559)
	at org.objectweb.asm.MethodWriter.findSubroutineSuccessors(MethodWriter.java:1559)
	at org.objectweb.asm.MethodWriter.findSubroutineSuccessors(MethodWriter.java:1559)
	at org.objectweb.asm.MethodWriter.findSubroutineSuccessors(MethodWriter.java:1559)
	at org.objectweb.asm.MethodWriter.findSubroutineSuccessors(MethodWriter.java:1559)
	at org.objectweb.asm.MethodWriter.findSubroutineSuccessors(MethodWriter.java:1559)
	at org.objectweb.asm.MethodWriter.findSubroutineSuccessors(MethodWriter.java:1559)
	at org.objectweb.asm.MethodWriter.findSubroutineSuccessors(MethodWriter.java:1559)
	at org.objectweb.asm.MethodWriter.findSubroutineSuccessors(MethodWriter.java:1559)
	at org.objectweb.asm.MethodWriter.findSubroutineSuccessors(MethodWriter.java:1559)
	at org.objectweb.asm.MethodWriter.visitMaxs(MethodWriter.java:1369)
	at org.objectweb.asm.MethodAdapter.visitMaxs(MethodAdapter.java:189)
	at com.intellij.rt.coverage.instrumentation.SamplingInstrumenter$1.visitMaxs(SamplingInstrumenter.java:78)
	at org.objectweb.asm.ClassReader.accept(ClassReader.java:1447)
	at org.objectweb.asm.ClassReader.accept(ClassReader.java:420)
	at com.intellij.rt.coverage.instrumentation.Instrumentator.instrument(Instrumentator.java:148)
	at com.intellij.rt.coverage.instrumentation.Instrumentator.access$000(Instrumentator.java:26)
	at com.intellij.rt.coverage.instrumentation.Instrumentator$1.transform(Instrumentator.java:109)
	at sun.instrument.TransformerManager.transform(TransformerManager.java:169)
	at sun.instrument.InstrumentationImpl.transform(InstrumentationImpl.java:365)
	at java.lang.ClassLoader.defineClass1(Native Method)
	at java.lang.ClassLoader.defineClassCond(ClassLoader.java:631)
	at java.lang.ClassLoader.defineClass(ClassLoader.java:615)
	at java.security.SecureClassLoader.defineClass(SecureClassLoader.java:141)
	at java.net.URLClassLoader.defineClass(URLClassLoader.java:283)
	at java.net.URLClassLoader.access$000(URLClassLoader.java:58)
	at java.net.URLClassLoader$1.run(URLClassLoader.java:197)
	at java.security.AccessController.doPrivileged(Native Method)
	at java.net.URLClassLoader.findClass(URLClassLoader.java:190)
	at java.lang.ClassLoader.loadClass(ClassLoader.java:306)
	at sun.misc.Launcher$AppClassLoader.loadClass(Launcher.java:301)
	at java.lang.ClassLoader.loadClass(ClassLoader.java:247)
	at com.mysql.jdbc.NonRegisteringDriver.connect(NonRegisteringDriver.java:305)
	at com.mysql.jdbc.jdbc2.optional.MysqlDataSource.getConnection(MysqlDataSource.java:440)
	at com.mysql.jdbc.jdbc2.optional.MysqlDataSource.getConnection(MysqlDataSource.java:138)
	at com.mysql.jdbc.jdbc2.optional.MysqlDataSource.getConnection(MysqlDataSource.java:108)
	at com.clouway.jspandservlet.onlinebank.persistance.DatabaseHelper.executeQuery(DatabaseHelper.java:42)
	at com.clouway.jspandservlet.onlinebank.persistance.DatabaseBankRepositoryTest.createTestableData(DatabaseBankRepositoryTest.java:34)
	at sun.reflect.NativeMethodAccessorImpl.invoke0(Native Method)
	at sun.reflect.NativeMethodAccessorImpl.invoke(NativeMethodAccessorImpl.java:39)
	at sun.reflect.DelegatingMethodAccessorImpl.invoke(DelegatingMethodAccessorImpl.java:25)
	at java.lang.reflect.Method.invoke(Method.java:597)
	at org.junit.runners.model.FrameworkMethod$1.runReflectiveCall(FrameworkMethod.java:44)
	at org.junit.internal.runners.model.ReflectiveCallable.run(ReflectiveCallable.java:15)
	at org.junit.runners.model.FrameworkMethod.invokeExplosively(FrameworkMethod.java:41)
	at org.junit.internal.runners.statements.RunBefores.evaluate(RunBefores.java:27)
	at org.junit.internal.runners.statements.RunAfters.evaluate(RunAfters.java:31)
	at org.junit.runners.BlockJUnit4ClassRunner.runNotIgnored(BlockJUnit4ClassRunner.java:79)
	at org.junit.runners.BlockJUnit4ClassRunner.runChild(BlockJUnit4ClassRunner.java:71)
	at org.junit.runners.BlockJUnit4ClassRunner.runChild(BlockJUnit4ClassRunner.java:49)
	at org.junit.runners.ParentRunner$3.run(ParentRunner.java:193)
	at org.junit.runners.ParentRunner$1.schedule(ParentRunner.java:52)
	at org.junit.runners.ParentRunner.runChildren(ParentRunner.java:191)
	at org.junit.runners.ParentRunner.access$000(ParentRunner.java:42)
	at org.junit.runners.ParentRunner$2.evaluate(ParentRunner.java:184)
	at org.junit.runners.ParentRunner.run(ParentRunner.java:236)
	at org.junit.runners.Suite.runChild(Suite.java:128)
	at org.junit.runners.Suite.runChild(Suite.java:24)
	at org.junit.runners.ParentRunner$3.run(ParentRunner.java:193)
	at org.junit.runners.ParentRunner$1.schedule(ParentRunner.java:52)
	at org.junit.runners.ParentRunner.runChildren(ParentRunner.java:191)
	at org.junit.runners.ParentRunner.access$000(ParentRunner.java:42)
	at org.junit.runners.ParentRunner$2.evaluate(ParentRunner.java:184)
	at org.junit.runners.ParentRunner.run(ParentRunner.java:236)
	at org.junit.runner.JUnitCore.run(JUnitCore.java:157)
	at com.intellij.junit4.JUnit4IdeaTestRunner.startRunnerWithArgs(JUnit4IdeaTestRunner.java:71)
	at com.intellij.rt.execution.junit.JUnitStarter.prepareStreamsAndStart(JUnitStarter.java:202)
	at com.intellij.rt.execution.junit.JUnitStarter.main(JUnitStarter.java:63)
	at sun.reflect.NativeMethodAccessorImpl.invoke0(Native Method)
	at sun.reflect.NativeMethodAccessorImpl.invoke(NativeMethodAccessorImpl.java:39)
	at sun.reflect.DelegatingMethodAccessorImpl.invoke(DelegatingMethodAccessorImpl.java:25)
	at java.lang.reflect.Method.invoke(Method.java:597)
	at com.intellij.rt.execution.application.AppMain.main(AppMain.java:120)
[2012.03.27 10:21:23] (Coverage): Error during class instrumentation: com.mysql.jdbc.ServerPreparedStatement
java.lang.ArrayIndexOutOfBoundsException: 10
	at org.objectweb.asm.MethodWriter.findSubroutineSuccessors(MethodWriter.java:1558)
	at org.objectweb.asm.MethodWriter.findSubroutineSuccessors(MethodWriter.java:1559)
	at org.objectweb.asm.MethodWriter.findSubroutineSuccessors(MethodWriter.java:1559)
	at org.objectweb.asm.MethodWriter.findSubroutineSuccessors(MethodWriter.java:1559)
	at org.objectweb.asm.MethodWriter.findSubroutineSuccessors(MethodWriter.java:1559)
	at org.objectweb.asm.MethodWriter.findSubroutineSuccessors(MethodWriter.java:1559)
	at org.objectweb.asm.MethodWriter.findSubroutineSuccessors(MethodWriter.java:1559)
	at org.objectweb.asm.MethodWriter.findSubroutineSuccessors(MethodWriter.java:1559)
	at org.objectweb.asm.MethodWriter.findSubroutineSuccessors(MethodWriter.java:1559)
	at org.objectweb.asm.MethodWriter.findSubroutineSuccessors(MethodWriter.java:1559)
	at org.objectweb.asm.MethodWriter.findSubroutineSuccessors(MethodWriter.java:1559)
	at org.objectweb.asm.MethodWriter.visitMaxs(MethodWriter.java:1369)
	at org.objectweb.asm.MethodAdapter.visitMaxs(MethodAdapter.java:189)
	at com.intellij.rt.coverage.instrumentation.SamplingInstrumenter$1.visitMaxs(SamplingInstrumenter.java:78)
	at org.objectweb.asm.ClassReader.accept(ClassReader.java:1447)
	at org.objectweb.asm.ClassReader.accept(ClassReader.java:420)
	at com.intellij.rt.coverage.instrumentation.Instrumentator.instrument(Instrumentator.java:148)
	at com.intellij.rt.coverage.instrumentation.Instrumentator.access$000(Instrumentator.java:26)
	at com.intellij.rt.coverage.instrumentation.Instrumentator$1.transform(Instrumentator.java:109)
	at sun.instrument.TransformerManager.transform(TransformerManager.java:169)
	at sun.instrument.InstrumentationImpl.transform(InstrumentationImpl.java:365)
	at java.lang.ClassLoader.defineClass1(Native Method)
	at java.lang.ClassLoader.defineClassCond(ClassLoader.java:631)
	at java.lang.ClassLoader.defineClass(ClassLoader.java:615)
	at java.security.SecureClassLoader.defineClass(SecureClassLoader.java:141)
	at java.net.URLClassLoader.defineClass(URLClassLoader.java:283)
	at java.net.URLClassLoader.access$000(URLClassLoader.java:58)
	at java.net.URLClassLoader$1.run(URLClassLoader.java:197)
	at java.security.AccessController.doPrivileged(Native Method)
	at java.net.URLClassLoader.findClass(URLClassLoader.java:190)
	at java.lang.ClassLoader.loadClass(ClassLoader.java:306)
	at sun.misc.Launcher$AppClassLoader.loadClass(Launcher.java:301)
	at java.lang.ClassLoader.loadClass(ClassLoader.java:247)
	at com.mysql.jdbc.NonRegisteringDriver.connect(NonRegisteringDriver.java:305)
	at com.mysql.jdbc.jdbc2.optional.MysqlDataSource.getConnection(MysqlDataSource.java:440)
	at com.mysql.jdbc.jdbc2.optional.MysqlDataSource.getConnection(MysqlDataSource.java:138)
	at com.mysql.jdbc.jdbc2.optional.MysqlDataSource.getConnection(MysqlDataSource.java:108)
	at com.clouway.jspandservlet.onlinebank.persistance.DatabaseHelper.executeQuery(DatabaseHelper.java:42)
	at com.clouway.jspandservlet.onlinebank.persistance.DatabaseBankRepositoryTest.createTestableData(DatabaseBankRepositoryTest.java:34)
	at sun.reflect.NativeMethodAccessorImpl.invoke0(Native Method)
	at sun.reflect.NativeMethodAccessorImpl.invoke(NativeMethodAccessorImpl.java:39)
	at sun.reflect.DelegatingMethodAccessorImpl.invoke(DelegatingMethodAccessorImpl.java:25)
	at java.lang.reflect.Method.invoke(Method.java:597)
	at org.junit.runners.model.FrameworkMethod$1.runReflectiveCall(FrameworkMethod.java:44)
	at org.junit.internal.runners.model.ReflectiveCallable.run(ReflectiveCallable.java:15)
	at org.junit.runners.model.FrameworkMethod.invokeExplosively(FrameworkMethod.java:41)
	at org.junit.internal.runners.statements.RunBefores.evaluate(RunBefores.java:27)
	at org.junit.internal.runners.statements.RunAfters.evaluate(RunAfters.java:31)
	at org.junit.runners.BlockJUnit4ClassRunner.runNotIgnored(BlockJUnit4ClassRunner.java:79)
	at org.junit.runners.BlockJUnit4ClassRunner.runChild(BlockJUnit4ClassRunner.java:71)
	at org.junit.runners.BlockJUnit4ClassRunner.runChild(BlockJUnit4ClassRunner.java:49)
	at org.junit.runners.ParentRunner$3.run(ParentRunner.java:193)
	at org.junit.runners.ParentRunner$1.schedule(ParentRunner.java:52)
	at org.junit.runners.ParentRunner.runChildren(ParentRunner.java:191)
	at org.junit.runners.ParentRunner.access$000(ParentRunner.java:42)
	at org.junit.runners.ParentRunner$2.evaluate(ParentRunner.java:184)
	at org.junit.runners.ParentRunner.run(ParentRunner.java:236)
	at org.junit.runners.Suite.runChild(Suite.java:128)
	at org.junit.runners.Suite.runChild(Suite.java:24)
	at org.junit.runners.ParentRunner$3.run(ParentRunner.java:193)
	at org.junit.runners.ParentRunner$1.schedule(ParentRunner.java:52)
	at org.junit.runners.ParentRunner.runChildren(ParentRunner.java:191)
	at org.junit.runners.ParentRunner.access$000(ParentRunner.java:42)
	at org.junit.runners.ParentRunner$2.evaluate(ParentRunner.java:184)
	at org.junit.runners.ParentRunner.run(ParentRunner.java:236)
	at org.junit.runner.JUnitCore.run(JUnitCore.java:157)
	at com.intellij.junit4.JUnit4IdeaTestRunner.startRunnerWithArgs(JUnit4IdeaTestRunner.java:71)
	at com.intellij.rt.execution.junit.JUnitStarter.prepareStreamsAndStart(JUnitStarter.java:202)
	at com.intellij.rt.execution.junit.JUnitStarter.main(JUnitStarter.java:63)
	at sun.reflect.NativeMethodAccessorImpl.invoke0(Native Method)
	at sun.reflect.NativeMethodAccessorImpl.invoke(NativeMethodAccessorImpl.java:39)
	at sun.reflect.DelegatingMethodAccessorImpl.invoke(DelegatingMethodAccessorImpl.java:25)
	at java.lang.reflect.Method.invoke(Method.java:597)
	at com.intellij.rt.execution.application.AppMain.main(AppMain.java:120)
[2012.03.27 10:46:18] (Coverage): Error during class instrumentation: com.mysql.jdbc.ServerPreparedStatement
java.lang.ArrayIndexOutOfBoundsException: 10
	at org.objectweb.asm.MethodWriter.findSubroutineSuccessors(MethodWriter.java:1558)
	at org.objectweb.asm.MethodWriter.findSubroutineSuccessors(MethodWriter.java:1559)
	at org.objectweb.asm.MethodWriter.findSubroutineSuccessors(MethodWriter.java:1559)
	at org.objectweb.asm.MethodWriter.findSubroutineSuccessors(MethodWriter.java:1559)
	at org.objectweb.asm.MethodWriter.findSubroutineSuccessors(MethodWriter.java:1559)
	at org.objectweb.asm.MethodWriter.findSubroutineSuccessors(MethodWriter.java:1559)
	at org.objectweb.asm.MethodWriter.findSubroutineSuccessors(MethodWriter.java:1559)
	at org.objectweb.asm.MethodWriter.findSubroutineSuccessors(MethodWriter.java:1559)
	at org.objectweb.asm.MethodWriter.findSubroutineSuccessors(MethodWriter.java:1559)
	at org.objectweb.asm.MethodWriter.findSubroutineSuccessors(MethodWriter.java:1559)
	at org.objectweb.asm.MethodWriter.findSubroutineSuccessors(MethodWriter.java:1559)
	at org.objectweb.asm.MethodWriter.visitMaxs(MethodWriter.java:1369)
	at org.objectweb.asm.MethodAdapter.visitMaxs(MethodAdapter.java:189)
	at com.intellij.rt.coverage.instrumentation.SamplingInstrumenter$1.visitMaxs(SamplingInstrumenter.java:78)
	at org.objectweb.asm.ClassReader.accept(ClassReader.java:1447)
	at org.objectweb.asm.ClassReader.accept(ClassReader.java:420)
	at com.intellij.rt.coverage.instrumentation.Instrumentator.instrument(Instrumentator.java:148)
	at com.intellij.rt.coverage.instrumentation.Instrumentator.access$000(Instrumentator.java:26)
	at com.intellij.rt.coverage.instrumentation.Instrumentator$1.transform(Instrumentator.java:109)
	at sun.instrument.TransformerManager.transform(TransformerManager.java:169)
	at sun.instrument.InstrumentationImpl.transform(InstrumentationImpl.java:365)
	at java.lang.ClassLoader.defineClass1(Native Method)
	at java.lang.ClassLoader.defineClassCond(ClassLoader.java:631)
	at java.lang.ClassLoader.defineClass(ClassLoader.java:615)
	at java.security.SecureClassLoader.defineClass(SecureClassLoader.java:141)
	at java.net.URLClassLoader.defineClass(URLClassLoader.java:283)
	at java.net.URLClassLoader.access$000(URLClassLoader.java:58)
	at java.net.URLClassLoader$1.run(URLClassLoader.java:197)
	at java.security.AccessController.doPrivileged(Native Method)
	at java.net.URLClassLoader.findClass(URLClassLoader.java:190)
	at java.lang.ClassLoader.loadClass(ClassLoader.java:306)
	at sun.misc.Launcher$AppClassLoader.loadClass(Launcher.java:301)
	at java.lang.ClassLoader.loadClass(ClassLoader.java:247)
	at com.mysql.jdbc.NonRegisteringDriver.connect(NonRegisteringDriver.java:305)
	at com.mysql.jdbc.jdbc2.optional.MysqlDataSource.getConnection(MysqlDataSource.java:440)
	at com.mysql.jdbc.jdbc2.optional.MysqlDataSource.getConnection(MysqlDataSource.java:138)
	at com.mysql.jdbc.jdbc2.optional.MysqlDataSource.getConnection(MysqlDataSource.java:108)
	at com.clouway.jspandservlet.onlinebank.persistance.DatabaseHelper.executeQuery(DatabaseHelper.java:42)
	at com.clouway.jspandservlet.onlinebank.persistance.DatabaseBankRepositoryTest.createTestableData(DatabaseBankRepositoryTest.java:34)
	at sun.reflect.NativeMethodAccessorImpl.invoke0(Native Method)
	at sun.reflect.NativeMethodAccessorImpl.invoke(NativeMethodAccessorImpl.java:39)
	at sun.reflect.DelegatingMethodAccessorImpl.invoke(DelegatingMethodAccessorImpl.java:25)
	at java.lang.reflect.Method.invoke(Method.java:597)
	at org.junit.runners.model.FrameworkMethod$1.runReflectiveCall(FrameworkMethod.java:44)
	at org.junit.internal.runners.model.ReflectiveCallable.run(ReflectiveCallable.java:15)
	at org.junit.runners.model.FrameworkMethod.invokeExplosively(FrameworkMethod.java:41)
	at org.junit.internal.runners.statements.RunBefores.evaluate(RunBefores.java:27)
	at org.junit.internal.runners.statements.RunAfters.evaluate(RunAfters.java:31)
	at org.junit.runners.BlockJUnit4ClassRunner.runNotIgnored(BlockJUnit4ClassRunner.java:79)
	at org.junit.runners.BlockJUnit4ClassRunner.runChild(BlockJUnit4ClassRunner.java:71)
	at org.junit.runners.BlockJUnit4ClassRunner.runChild(BlockJUnit4ClassRunner.java:49)
	at org.junit.runners.ParentRunner$3.run(ParentRunner.java:193)
	at org.junit.runners.ParentRunner$1.schedule(ParentRunner.java:52)
	at org.junit.runners.ParentRunner.runChildren(ParentRunner.java:191)
	at org.junit.runners.ParentRunner.access$000(ParentRunner.java:42)
	at org.junit.runners.ParentRunner$2.evaluate(ParentRunner.java:184)
	at org.junit.runners.ParentRunner.run(ParentRunner.java:236)
	at org.junit.runners.Suite.runChild(Suite.java:128)
	at org.junit.runners.Suite.runChild(Suite.java:24)
	at org.junit.runners.ParentRunner$3.run(ParentRunner.java:193)
	at org.junit.runners.ParentRunner$1.schedule(ParentRunner.java:52)
	at org.junit.runners.ParentRunner.runChildren(ParentRunner.java:191)
	at org.junit.runners.ParentRunner.access$000(ParentRunner.java:42)
	at org.junit.runners.ParentRunner$2.evaluate(ParentRunner.java:184)
	at org.junit.runners.ParentRunner.run(ParentRunner.java:236)
	at org.junit.runner.JUnitCore.run(JUnitCore.java:157)
	at com.intellij.junit4.JUnit4IdeaTestRunner.startRunnerWithArgs(JUnit4IdeaTestRunner.java:71)
	at com.intellij.rt.execution.junit.JUnitStarter.prepareStreamsAndStart(JUnitStarter.java:202)
	at com.intellij.rt.execution.junit.JUnitStarter.main(JUnitStarter.java:63)
	at sun.reflect.NativeMethodAccessorImpl.invoke0(Native Method)
	at sun.reflect.NativeMethodAccessorImpl.invoke(NativeMethodAccessorImpl.java:39)
	at sun.reflect.DelegatingMethodAccessorImpl.invoke(DelegatingMethodAccessorImpl.java:25)
	at java.lang.reflect.Method.invoke(Method.java:597)
	at com.intellij.rt.execution.application.AppMain.main(AppMain.java:120)
[2012.03.27 11:17:24] (Coverage): Error during class instrumentation: com.mysql.jdbc.ServerPreparedStatement
java.lang.ArrayIndexOutOfBoundsException: 10
	at org.objectweb.asm.MethodWriter.findSubroutineSuccessors(MethodWriter.java:1558)
	at org.objectweb.asm.MethodWriter.findSubroutineSuccessors(MethodWriter.java:1559)
	at org.objectweb.asm.MethodWriter.findSubroutineSuccessors(MethodWriter.java:1559)
	at org.objectweb.asm.MethodWriter.findSubroutineSuccessors(MethodWriter.java:1559)
	at org.objectweb.asm.MethodWriter.findSubroutineSuccessors(MethodWriter.java:1559)
	at org.objectweb.asm.MethodWriter.findSubroutineSuccessors(MethodWriter.java:1559)
	at org.objectweb.asm.MethodWriter.findSubroutineSuccessors(MethodWriter.java:1559)
	at org.objectweb.asm.MethodWriter.findSubroutineSuccessors(MethodWriter.java:1559)
	at org.objectweb.asm.MethodWriter.findSubroutineSuccessors(MethodWriter.java:1559)
	at org.objectweb.asm.MethodWriter.findSubroutineSuccessors(MethodWriter.java:1559)
	at org.objectweb.asm.MethodWriter.findSubroutineSuccessors(MethodWriter.java:1559)
	at org.objectweb.asm.MethodWriter.visitMaxs(MethodWriter.java:1369)
	at org.objectweb.asm.MethodAdapter.visitMaxs(MethodAdapter.java:189)
	at com.intellij.rt.coverage.instrumentation.SamplingInstrumenter$1.visitMaxs(SamplingInstrumenter.java:78)
	at org.objectweb.asm.ClassReader.accept(ClassReader.java:1447)
	at org.objectweb.asm.ClassReader.accept(ClassReader.java:420)
	at com.intellij.rt.coverage.instrumentation.Instrumentator.instrument(Instrumentator.java:148)
	at com.intellij.rt.coverage.instrumentation.Instrumentator.access$000(Instrumentator.java:26)
	at com.intellij.rt.coverage.instrumentation.Instrumentator$1.transform(Instrumentator.java:109)
	at sun.instrument.TransformerManager.transform(TransformerManager.java:169)
	at sun.instrument.InstrumentationImpl.transform(InstrumentationImpl.java:365)
	at java.lang.ClassLoader.defineClass1(Native Method)
	at java.lang.ClassLoader.defineClassCond(ClassLoader.java:631)
	at java.lang.ClassLoader.defineClass(ClassLoader.java:615)
	at java.security.SecureClassLoader.defineClass(SecureClassLoader.java:141)
	at java.net.URLClassLoader.defineClass(URLClassLoader.java:283)
	at java.net.URLClassLoader.access$000(URLClassLoader.java:58)
	at java.net.URLClassLoader$1.run(URLClassLoader.java:197)
	at java.security.AccessController.doPrivileged(Native Method)
	at java.net.URLClassLoader.findClass(URLClassLoader.java:190)
	at java.lang.ClassLoader.loadClass(ClassLoader.java:306)
	at sun.misc.Launcher$AppClassLoader.loadClass(Launcher.java:301)
	at java.lang.ClassLoader.loadClass(ClassLoader.java:247)
	at com.mysql.jdbc.NonRegisteringDriver.connect(NonRegisteringDriver.java:305)
	at com.mysql.jdbc.jdbc2.optional.MysqlDataSource.getConnection(MysqlDataSource.java:440)
	at com.mysql.jdbc.jdbc2.optional.MysqlDataSource.getConnection(MysqlDataSource.java:138)
	at com.mysql.jdbc.jdbc2.optional.MysqlDataSource.getConnection(MysqlDataSource.java:108)
	at com.clouway.jspandservlet.onlinebank.persistance.DatabaseHelper.executeQuery(DatabaseHelper.java:42)
	at com.clouway.jspandservlet.onlinebank.persistance.DatabaseBankRepositoryTest.createTestableData(DatabaseBankRepositoryTest.java:34)
	at sun.reflect.NativeMethodAccessorImpl.invoke0(Native Method)
	at sun.reflect.NativeMethodAccessorImpl.invoke(NativeMethodAccessorImpl.java:39)
	at sun.reflect.DelegatingMethodAccessorImpl.invoke(DelegatingMethodAccessorImpl.java:25)
	at java.lang.reflect.Method.invoke(Method.java:597)
	at org.junit.runners.model.FrameworkMethod$1.runReflectiveCall(FrameworkMethod.java:44)
	at org.junit.internal.runners.model.ReflectiveCallable.run(ReflectiveCallable.java:15)
	at org.junit.runners.model.FrameworkMethod.invokeExplosively(FrameworkMethod.java:41)
	at org.junit.internal.runners.statements.RunBefores.evaluate(RunBefores.java:27)
	at org.junit.internal.runners.statements.RunAfters.evaluate(RunAfters.java:31)
	at org.junit.runners.BlockJUnit4ClassRunner.runNotIgnored(BlockJUnit4ClassRunner.java:79)
	at org.junit.runners.BlockJUnit4ClassRunner.runChild(BlockJUnit4ClassRunner.java:71)
	at org.junit.runners.BlockJUnit4ClassRunner.runChild(BlockJUnit4ClassRunner.java:49)
	at org.junit.runners.ParentRunner$3.run(ParentRunner.java:193)
	at org.junit.runners.ParentRunner$1.schedule(ParentRunner.java:52)
	at org.junit.runners.ParentRunner.runChildren(ParentRunner.java:191)
	at org.junit.runners.ParentRunner.access$000(ParentRunner.java:42)
	at org.junit.runners.ParentRunner$2.evaluate(ParentRunner.java:184)
	at org.junit.runners.ParentRunner.run(ParentRunner.java:236)
	at org.junit.runners.Suite.runChild(Suite.java:128)
	at org.junit.runners.Suite.runChild(Suite.java:24)
	at org.junit.runners.ParentRunner$3.run(ParentRunner.java:193)
	at org.junit.runners.ParentRunner$1.schedule(ParentRunner.java:52)
	at org.junit.runners.ParentRunner.runChildren(ParentRunner.java:191)
	at org.junit.runners.ParentRunner.access$000(ParentRunner.java:42)
	at org.junit.runners.ParentRunner$2.evaluate(ParentRunner.java:184)
	at org.junit.runners.ParentRunner.run(ParentRunner.java:236)
	at org.junit.runner.JUnitCore.run(JUnitCore.java:157)
	at com.intellij.junit4.JUnit4IdeaTestRunner.startRunnerWithArgs(JUnit4IdeaTestRunner.java:71)
	at com.intellij.rt.execution.junit.JUnitStarter.prepareStreamsAndStart(JUnitStarter.java:202)
	at com.intellij.rt.execution.junit.JUnitStarter.main(JUnitStarter.java:63)
	at sun.reflect.NativeMethodAccessorImpl.invoke0(Native Method)
	at sun.reflect.NativeMethodAccessorImpl.invoke(NativeMethodAccessorImpl.java:39)
	at sun.reflect.DelegatingMethodAccessorImpl.invoke(DelegatingMethodAccessorImpl.java:25)
	at java.lang.reflect.Method.invoke(Method.java:597)
	at com.intellij.rt.execution.application.AppMain.main(AppMain.java:120)
[2012.03.27 11:21:18] (Coverage): Error during class instrumentation: com.mysql.jdbc.ServerPreparedStatement
java.lang.ArrayIndexOutOfBoundsException: 10
	at org.objectweb.asm.MethodWriter.findSubroutineSuccessors(MethodWriter.java:1558)
	at org.objectweb.asm.MethodWriter.findSubroutineSuccessors(MethodWriter.java:1559)
	at org.objectweb.asm.MethodWriter.findSubroutineSuccessors(MethodWriter.java:1559)
	at org.objectweb.asm.MethodWriter.findSubroutineSuccessors(MethodWriter.java:1559)
	at org.objectweb.asm.MethodWriter.findSubroutineSuccessors(MethodWriter.java:1559)
	at org.objectweb.asm.MethodWriter.findSubroutineSuccessors(MethodWriter.java:1559)
	at org.objectweb.asm.MethodWriter.findSubroutineSuccessors(MethodWriter.java:1559)
	at org.objectweb.asm.MethodWriter.findSubroutineSuccessors(MethodWriter.java:1559)
	at org.objectweb.asm.MethodWriter.findSubroutineSuccessors(MethodWriter.java:1559)
	at org.objectweb.asm.MethodWriter.findSubroutineSuccessors(MethodWriter.java:1559)
	at org.objectweb.asm.MethodWriter.findSubroutineSuccessors(MethodWriter.java:1559)
	at org.objectweb.asm.MethodWriter.visitMaxs(MethodWriter.java:1369)
	at org.objectweb.asm.MethodAdapter.visitMaxs(MethodAdapter.java:189)
	at com.intellij.rt.coverage.instrumentation.SamplingInstrumenter$1.visitMaxs(SamplingInstrumenter.java:78)
	at org.objectweb.asm.ClassReader.accept(ClassReader.java:1447)
	at org.objectweb.asm.ClassReader.accept(ClassReader.java:420)
	at com.intellij.rt.coverage.instrumentation.Instrumentator.instrument(Instrumentator.java:148)
	at com.intellij.rt.coverage.instrumentation.Instrumentator.access$000(Instrumentator.java:26)
	at com.intellij.rt.coverage.instrumentation.Instrumentator$1.transform(Instrumentator.java:109)
	at sun.instrument.TransformerManager.transform(TransformerManager.java:169)
	at sun.instrument.InstrumentationImpl.transform(InstrumentationImpl.java:365)
	at java.lang.ClassLoader.defineClass1(Native Method)
	at java.lang.ClassLoader.defineClassCond(ClassLoader.java:631)
	at java.lang.ClassLoader.defineClass(ClassLoader.java:615)
	at java.security.SecureClassLoader.defineClass(SecureClassLoader.java:141)
	at java.net.URLClassLoader.defineClass(URLClassLoader.java:283)
	at java.net.URLClassLoader.access$000(URLClassLoader.java:58)
	at java.net.URLClassLoader$1.run(URLClassLoader.java:197)
	at java.security.AccessController.doPrivileged(Native Method)
	at java.net.URLClassLoader.findClass(URLClassLoader.java:190)
	at java.lang.ClassLoader.loadClass(ClassLoader.java:306)
	at sun.misc.Launcher$AppClassLoader.loadClass(Launcher.java:301)
	at java.lang.ClassLoader.loadClass(ClassLoader.java:247)
	at com.mysql.jdbc.NonRegisteringDriver.connect(NonRegisteringDriver.java:305)
	at com.mysql.jdbc.jdbc2.optional.MysqlDataSource.getConnection(MysqlDataSource.java:440)
	at com.mysql.jdbc.jdbc2.optional.MysqlDataSource.getConnection(MysqlDataSource.java:138)
	at com.mysql.jdbc.jdbc2.optional.MysqlDataSource.getConnection(MysqlDataSource.java:108)
	at com.clouway.jspandservlet.onlinebank.persistance.DatabaseHelper.executeQuery(DatabaseHelper.java:42)
	at com.clouway.jspandservlet.onlinebank.persistance.DatabaseBankRepositoryTest.createTestableData(DatabaseBankRepositoryTest.java:34)
	at sun.reflect.NativeMethodAccessorImpl.invoke0(Native Method)
	at sun.reflect.NativeMethodAccessorImpl.invoke(NativeMethodAccessorImpl.java:39)
	at sun.reflect.DelegatingMethodAccessorImpl.invoke(DelegatingMethodAccessorImpl.java:25)
	at java.lang.reflect.Method.invoke(Method.java:597)
	at org.junit.runners.model.FrameworkMethod$1.runReflectiveCall(FrameworkMethod.java:44)
	at org.junit.internal.runners.model.ReflectiveCallable.run(ReflectiveCallable.java:15)
	at org.junit.runners.model.FrameworkMethod.invokeExplosively(FrameworkMethod.java:41)
	at org.junit.internal.runners.statements.RunBefores.evaluate(RunBefores.java:27)
	at org.junit.internal.runners.statements.RunAfters.evaluate(RunAfters.java:31)
	at org.junit.runners.BlockJUnit4ClassRunner.runNotIgnored(BlockJUnit4ClassRunner.java:79)
	at org.junit.runners.BlockJUnit4ClassRunner.runChild(BlockJUnit4ClassRunner.java:71)
	at org.junit.runners.BlockJUnit4ClassRunner.runChild(BlockJUnit4ClassRunner.java:49)
	at org.junit.runners.ParentRunner$3.run(ParentRunner.java:193)
	at org.junit.runners.ParentRunner$1.schedule(ParentRunner.java:52)
	at org.junit.runners.ParentRunner.runChildren(ParentRunner.java:191)
	at org.junit.runners.ParentRunner.access$000(ParentRunner.java:42)
	at org.junit.runners.ParentRunner$2.evaluate(ParentRunner.java:184)
	at org.junit.runners.ParentRunner.run(ParentRunner.java:236)
	at org.junit.runners.Suite.runChild(Suite.java:128)
	at org.junit.runners.Suite.runChild(Suite.java:24)
	at org.junit.runners.ParentRunner$3.run(ParentRunner.java:193)
	at org.junit.runners.ParentRunner$1.schedule(ParentRunner.java:52)
	at org.junit.runners.ParentRunner.runChildren(ParentRunner.java:191)
	at org.junit.runners.ParentRunner.access$000(ParentRunner.java:42)
	at org.junit.runners.ParentRunner$2.evaluate(ParentRunner.java:184)
	at org.junit.runners.ParentRunner.run(ParentRunner.java:236)
	at org.junit.runner.JUnitCore.run(JUnitCore.java:157)
	at com.intellij.junit4.JUnit4IdeaTestRunner.startRunnerWithArgs(JUnit4IdeaTestRunner.java:71)
	at com.intellij.rt.execution.junit.JUnitStarter.prepareStreamsAndStart(JUnitStarter.java:202)
	at com.intellij.rt.execution.junit.JUnitStarter.main(JUnitStarter.java:63)
	at sun.reflect.NativeMethodAccessorImpl.invoke0(Native Method)
	at sun.reflect.NativeMethodAccessorImpl.invoke(NativeMethodAccessorImpl.java:39)
	at sun.reflect.DelegatingMethodAccessorImpl.invoke(DelegatingMethodAccessorImpl.java:25)
	at java.lang.reflect.Method.invoke(Method.java:597)
	at com.intellij.rt.execution.application.AppMain.main(AppMain.java:120)
[2012.03.27 11:35:41] (Coverage): Error during class instrumentation: com.mysql.jdbc.ServerPreparedStatement
java.lang.ArrayIndexOutOfBoundsException: 10
	at org.objectweb.asm.MethodWriter.findSubroutineSuccessors(MethodWriter.java:1558)
	at org.objectweb.asm.MethodWriter.findSubroutineSuccessors(MethodWriter.java:1559)
	at org.objectweb.asm.MethodWriter.findSubroutineSuccessors(MethodWriter.java:1559)
	at org.objectweb.asm.MethodWriter.findSubroutineSuccessors(MethodWriter.java:1559)
	at org.objectweb.asm.MethodWriter.findSubroutineSuccessors(MethodWriter.java:1559)
	at org.objectweb.asm.MethodWriter.findSubroutineSuccessors(MethodWriter.java:1559)
	at org.objectweb.asm.MethodWriter.findSubroutineSuccessors(MethodWriter.java:1559)
	at org.objectweb.asm.MethodWriter.findSubroutineSuccessors(MethodWriter.java:1559)
	at org.objectweb.asm.MethodWriter.findSubroutineSuccessors(MethodWriter.java:1559)
	at org.objectweb.asm.MethodWriter.findSubroutineSuccessors(MethodWriter.java:1559)
	at org.objectweb.asm.MethodWriter.findSubroutineSuccessors(MethodWriter.java:1559)
	at org.objectweb.asm.MethodWriter.visitMaxs(MethodWriter.java:1369)
	at org.objectweb.asm.MethodAdapter.visitMaxs(MethodAdapter.java:189)
	at com.intellij.rt.coverage.instrumentation.SamplingInstrumenter$1.visitMaxs(SamplingInstrumenter.java:78)
	at org.objectweb.asm.ClassReader.accept(ClassReader.java:1447)
	at org.objectweb.asm.ClassReader.accept(ClassReader.java:420)
	at com.intellij.rt.coverage.instrumentation.Instrumentator.instrument(Instrumentator.java:148)
	at com.intellij.rt.coverage.instrumentation.Instrumentator.access$000(Instrumentator.java:26)
	at com.intellij.rt.coverage.instrumentation.Instrumentator$1.transform(Instrumentator.java:109)
	at sun.instrument.TransformerManager.transform(TransformerManager.java:169)
	at sun.instrument.InstrumentationImpl.transform(InstrumentationImpl.java:365)
	at java.lang.ClassLoader.defineClass1(Native Method)
	at java.lang.ClassLoader.defineClassCond(ClassLoader.java:631)
	at java.lang.ClassLoader.defineClass(ClassLoader.java:615)
	at java.security.SecureClassLoader.defineClass(SecureClassLoader.java:141)
	at java.net.URLClassLoader.defineClass(URLClassLoader.java:283)
	at java.net.URLClassLoader.access$000(URLClassLoader.java:58)
	at java.net.URLClassLoader$1.run(URLClassLoader.java:197)
	at java.security.AccessController.doPrivileged(Native Method)
	at java.net.URLClassLoader.findClass(URLClassLoader.java:190)
	at java.lang.ClassLoader.loadClass(ClassLoader.java:306)
	at sun.misc.Launcher$AppClassLoader.loadClass(Launcher.java:301)
	at java.lang.ClassLoader.loadClass(ClassLoader.java:247)
	at com.mysql.jdbc.NonRegisteringDriver.connect(NonRegisteringDriver.java:305)
	at com.mysql.jdbc.jdbc2.optional.MysqlDataSource.getConnection(MysqlDataSource.java:440)
	at com.mysql.jdbc.jdbc2.optional.MysqlDataSource.getConnection(MysqlDataSource.java:138)
	at com.mysql.jdbc.jdbc2.optional.MysqlDataSource.getConnection(MysqlDataSource.java:108)
	at com.clouway.jspandservlet.onlinebank.persistance.DatabaseHelper.executeQuery(DatabaseHelper.java:42)
	at com.clouway.jspandservlet.onlinebank.persistance.DatabaseBankRepositoryTest.createTestableData(DatabaseBankRepositoryTest.java:34)
	at sun.reflect.NativeMethodAccessorImpl.invoke0(Native Method)
	at sun.reflect.NativeMethodAccessorImpl.invoke(NativeMethodAccessorImpl.java:39)
	at sun.reflect.DelegatingMethodAccessorImpl.invoke(DelegatingMethodAccessorImpl.java:25)
	at java.lang.reflect.Method.invoke(Method.java:597)
	at org.junit.runners.model.FrameworkMethod$1.runReflectiveCall(FrameworkMethod.java:44)
	at org.junit.internal.runners.model.ReflectiveCallable.run(ReflectiveCallable.java:15)
	at org.junit.runners.model.FrameworkMethod.invokeExplosively(FrameworkMethod.java:41)
	at org.junit.internal.runners.statements.RunBefores.evaluate(RunBefores.java:27)
	at org.junit.internal.runners.statements.RunAfters.evaluate(RunAfters.java:31)
	at org.junit.runners.BlockJUnit4ClassRunner.runNotIgnored(BlockJUnit4ClassRunner.java:79)
	at org.junit.runners.BlockJUnit4ClassRunner.runChild(BlockJUnit4ClassRunner.java:71)
	at org.junit.runners.BlockJUnit4ClassRunner.runChild(BlockJUnit4ClassRunner.java:49)
	at org.junit.runners.ParentRunner$3.run(ParentRunner.java:193)
	at org.junit.runners.ParentRunner$1.schedule(ParentRunner.java:52)
	at org.junit.runners.ParentRunner.runChildren(ParentRunner.java:191)
	at org.junit.runners.ParentRunner.access$000(ParentRunner.java:42)
	at org.junit.runners.ParentRunner$2.evaluate(ParentRunner.java:184)
	at org.junit.runners.ParentRunner.run(ParentRunner.java:236)
	at org.junit.runners.Suite.runChild(Suite.java:128)
	at org.junit.runners.Suite.runChild(Suite.java:24)
	at org.junit.runners.ParentRunner$3.run(ParentRunner.java:193)
	at org.junit.runners.ParentRunner$1.schedule(ParentRunner.java:52)
	at org.junit.runners.ParentRunner.runChildren(ParentRunner.java:191)
	at org.junit.runners.ParentRunner.access$000(ParentRunner.java:42)
	at org.junit.runners.ParentRunner$2.evaluate(ParentRunner.java:184)
	at org.junit.runners.ParentRunner.run(ParentRunner.java:236)
	at org.junit.runner.JUnitCore.run(JUnitCore.java:157)
	at com.intellij.junit4.JUnit4IdeaTestRunner.startRunnerWithArgs(JUnit4IdeaTestRunner.java:71)
	at com.intellij.rt.execution.junit.JUnitStarter.prepareStreamsAndStart(JUnitStarter.java:202)
	at com.intellij.rt.execution.junit.JUnitStarter.main(JUnitStarter.java:63)
	at sun.reflect.NativeMethodAccessorImpl.invoke0(Native Method)
	at sun.reflect.NativeMethodAccessorImpl.invoke(NativeMethodAccessorImpl.java:39)
	at sun.reflect.DelegatingMethodAccessorImpl.invoke(DelegatingMethodAccessorImpl.java:25)
	at java.lang.reflect.Method.invoke(Method.java:597)
	at com.intellij.rt.execution.application.AppMain.main(AppMain.java:120)
[2012.03.27 11:37:01] (Coverage): Error during class instrumentation: com.mysql.jdbc.ServerPreparedStatement
java.lang.ArrayIndexOutOfBoundsException: 10
	at org.objectweb.asm.MethodWriter.findSubroutineSuccessors(MethodWriter.java:1558)
	at org.objectweb.asm.MethodWriter.findSubroutineSuccessors(MethodWriter.java:1559)
	at org.objectweb.asm.MethodWriter.findSubroutineSuccessors(MethodWriter.java:1559)
	at org.objectweb.asm.MethodWriter.findSubroutineSuccessors(MethodWriter.java:1559)
	at org.objectweb.asm.MethodWriter.findSubroutineSuccessors(MethodWriter.java:1559)
	at org.objectweb.asm.MethodWriter.findSubroutineSuccessors(MethodWriter.java:1559)
	at org.objectweb.asm.MethodWriter.findSubroutineSuccessors(MethodWriter.java:1559)
	at org.objectweb.asm.MethodWriter.findSubroutineSuccessors(MethodWriter.java:1559)
	at org.objectweb.asm.MethodWriter.findSubroutineSuccessors(MethodWriter.java:1559)
	at org.objectweb.asm.MethodWriter.findSubroutineSuccessors(MethodWriter.java:1559)
	at org.objectweb.asm.MethodWriter.findSubroutineSuccessors(MethodWriter.java:1559)
	at org.objectweb.asm.MethodWriter.visitMaxs(MethodWriter.java:1369)
	at org.objectweb.asm.MethodAdapter.visitMaxs(MethodAdapter.java:189)
	at com.intellij.rt.coverage.instrumentation.SamplingInstrumenter$1.visitMaxs(SamplingInstrumenter.java:78)
	at org.objectweb.asm.ClassReader.accept(ClassReader.java:1447)
	at org.objectweb.asm.ClassReader.accept(ClassReader.java:420)
	at com.intellij.rt.coverage.instrumentation.Instrumentator.instrument(Instrumentator.java:148)
	at com.intellij.rt.coverage.instrumentation.Instrumentator.access$000(Instrumentator.java:26)
	at com.intellij.rt.coverage.instrumentation.Instrumentator$1.transform(Instrumentator.java:109)
	at sun.instrument.TransformerManager.transform(TransformerManager.java:169)
	at sun.instrument.InstrumentationImpl.transform(InstrumentationImpl.java:365)
	at java.lang.ClassLoader.defineClass1(Native Method)
	at java.lang.ClassLoader.defineClassCond(ClassLoader.java:631)
	at java.lang.ClassLoader.defineClass(ClassLoader.java:615)
	at java.security.SecureClassLoader.defineClass(SecureClassLoader.java:141)
	at java.net.URLClassLoader.defineClass(URLClassLoader.java:283)
	at java.net.URLClassLoader.access$000(URLClassLoader.java:58)
	at java.net.URLClassLoader$1.run(URLClassLoader.java:197)
	at java.security.AccessController.doPrivileged(Native Method)
	at java.net.URLClassLoader.findClass(URLClassLoader.java:190)
	at java.lang.ClassLoader.loadClass(ClassLoader.java:306)
	at sun.misc.Launcher$AppClassLoader.loadClass(Launcher.java:301)
	at java.lang.ClassLoader.loadClass(ClassLoader.java:247)
	at com.mysql.jdbc.NonRegisteringDriver.connect(NonRegisteringDriver.java:305)
	at com.mysql.jdbc.jdbc2.optional.MysqlDataSource.getConnection(MysqlDataSource.java:440)
	at com.mysql.jdbc.jdbc2.optional.MysqlDataSource.getConnection(MysqlDataSource.java:138)
	at com.mysql.jdbc.jdbc2.optional.MysqlDataSource.getConnection(MysqlDataSource.java:108)
	at com.clouway.jspandservlet.onlinebank.persistance.DatabaseHelper.executeQuery(DatabaseHelper.java:42)
	at com.clouway.jspandservlet.onlinebank.persistance.DatabaseBankRepositoryTest.createTestableData(DatabaseBankRepositoryTest.java:34)
	at sun.reflect.NativeMethodAccessorImpl.invoke0(Native Method)
	at sun.reflect.NativeMethodAccessorImpl.invoke(NativeMethodAccessorImpl.java:39)
	at sun.reflect.DelegatingMethodAccessorImpl.invoke(DelegatingMethodAccessorImpl.java:25)
	at java.lang.reflect.Method.invoke(Method.java:597)
	at org.junit.runners.model.FrameworkMethod$1.runReflectiveCall(FrameworkMethod.java:44)
	at org.junit.internal.runners.model.ReflectiveCallable.run(ReflectiveCallable.java:15)
	at org.junit.runners.model.FrameworkMethod.invokeExplosively(FrameworkMethod.java:41)
	at org.junit.internal.runners.statements.RunBefores.evaluate(RunBefores.java:27)
	at org.junit.internal.runners.statements.RunAfters.evaluate(RunAfters.java:31)
	at org.junit.runners.BlockJUnit4ClassRunner.runNotIgnored(BlockJUnit4ClassRunner.java:79)
	at org.junit.runners.BlockJUnit4ClassRunner.runChild(BlockJUnit4ClassRunner.java:71)
	at org.junit.runners.BlockJUnit4ClassRunner.runChild(BlockJUnit4ClassRunner.java:49)
	at org.junit.runners.ParentRunner$3.run(ParentRunner.java:193)
	at org.junit.runners.ParentRunner$1.schedule(ParentRunner.java:52)
	at org.junit.runners.ParentRunner.runChildren(ParentRunner.java:191)
	at org.junit.runners.ParentRunner.access$000(ParentRunner.java:42)
	at org.junit.runners.ParentRunner$2.evaluate(ParentRunner.java:184)
	at org.junit.runners.ParentRunner.run(ParentRunner.java:236)
	at org.junit.runners.Suite.runChild(Suite.java:128)
	at org.junit.runners.Suite.runChild(Suite.java:24)
	at org.junit.runners.ParentRunner$3.run(ParentRunner.java:193)
	at org.junit.runners.ParentRunner$1.schedule(ParentRunner.java:52)
	at org.junit.runners.ParentRunner.runChildren(ParentRunner.java:191)
	at org.junit.runners.ParentRunner.access$000(ParentRunner.java:42)
	at org.junit.runners.ParentRunner$2.evaluate(ParentRunner.java:184)
	at org.junit.runners.ParentRunner.run(ParentRunner.java:236)
	at org.junit.runner.JUnitCore.run(JUnitCore.java:157)
	at com.intellij.junit4.JUnit4IdeaTestRunner.startRunnerWithArgs(JUnit4IdeaTestRunner.java:71)
	at com.intellij.rt.execution.junit.JUnitStarter.prepareStreamsAndStart(JUnitStarter.java:202)
	at com.intellij.rt.execution.junit.JUnitStarter.main(JUnitStarter.java:63)
	at sun.reflect.NativeMethodAccessorImpl.invoke0(Native Method)
	at sun.reflect.NativeMethodAccessorImpl.invoke(NativeMethodAccessorImpl.java:39)
	at sun.reflect.DelegatingMethodAccessorImpl.invoke(DelegatingMethodAccessorImpl.java:25)
	at java.lang.reflect.Method.invoke(Method.java:597)
	at com.intellij.rt.execution.application.AppMain.main(AppMain.java:120)
